Starttid: tir 18 nov 13:33:28 CET 2025
Logfil: /home/victor/tempprojekt/logs/start_2025-11-18_13-33-28.log
---------------------------------------
[32m[OK] Virtuelt milj√∏ aktiveret[0m
[32m[OK] Mosquitto k√∏rer[0m
[==========] Running 5 tests from 4 test suites.
[----------] Global test environment set-up.
[----------] 2 tests from MQTTTest
[ RUN      ] MQTTTest.ConnectToBroker
[       OK ] MQTTTest.ConnectToBroker (0 ms)
[ RUN      ] MQTTTest.PublishMessage
[       OK ] MQTTTest.PublishMessage (0 ms)
[----------] 2 tests from MQTTTest (0 ms total)

[----------] 1 test from MQTTLoopbackTest
[ RUN      ] MQTTLoopbackTest.PublishAndReceive
[       OK ] MQTTLoopbackTest.PublishAndReceive (2221 ms)
[----------] 1 test from MQTTLoopbackTest (2221 ms total)

[----------] 1 test from DatabaseTest
[ RUN      ] DatabaseTest.InsertAndRetrieveRecord
‚ùå Fejl ved inds√¶ttelse: table measurements has no column named value
/home/victor/tempprojekt/tests/test_db.cpp:13: Failure
Value of: db.insertRecord("TEMP", testValue)
  Actual: false
Expected: true
/home/victor/tempprojekt/tests/test_db.cpp:16: Failure
The difference between lastVal and testValue is 10020.5, which exceeds 0.0001, where
lastVal evaluates to -9999,
testValue evaluates to 21.5, and
0.0001 evaluates to 0.0001.
[  FAILED  ] DatabaseTest.InsertAndRetrieveRecord (4 ms)
[----------] 1 test from DatabaseTest (4 ms total)

[----------] 1 test from SensorTest
[ RUN      ] SensorTest.ReadsValidRange
[       OK ] SensorTest.ReadsValidRange (0 ms)
[----------] 1 test from SensorTest (0 ms total)

[----------] Global test environment tear-down
[==========] 5 tests from 4 test suites ran. (2226 ms total)
[  PASSED  ] 4 tests.
[  FAILED  ] 1 test, listed below:
[  FAILED  ] DatabaseTest.InsertAndRetrieveRecord

 1 FAILED TEST
[31m[FEJL] Tests fejlede[0m
